Started GET "/" for ::1 at 2020-04-14 22:58:57 +0900
  [1m[35m (248.1ms)[0m  [1m[35mSET NAMES utf8,  @@SESSION.sql_mode = CONCAT(CONCAT(@@sql_mode, ',STRICT_ALL_TABLES'), ',NO_AUTO_VALUE_ON_ZERO'),  @@SESSION.sql_auto_is_null = 0, @@SESSION.wait_timeout = 2147483[0m
  ↳ /Users/user/.rbenv/versions/2.5.1/lib/ruby/gems/2.5.0/gems/activerecord-5.2.4.2/lib/active_record/log_subscriber.rb:98
Processing by ToppagesController#index as HTML
  Rendering toppages/index.html.haml within layouts/application
  Rendered toppages/index.html.haml within layouts/application (2595.9ms)
Completed 200 OK in 9855ms (Views: 9743.3ms | ActiveRecord: 0.0ms)


Started GET "/?utf8=%E2%9C%93&keyword=aaaa&x=21&y=9" for ::1 at 2020-04-14 23:01:03 +0900
Processing by ToppagesController#index as HTML
  Parameters: {"utf8"=>"✓", "keyword"=>"aaaa", "x"=>"21", "y"=>"9"}
  Rendering toppages/index.html.haml within layouts/application
  Rendered toppages/index.html.haml within layouts/application (396.2ms)
Completed 200 OK in 624ms (Views: 611.4ms | ActiveRecord: 0.0ms)


Started GET "/?utf8=%E2%9C%93&keyword=&x=19&y=18" for ::1 at 2020-04-14 23:01:05 +0900
Processing by ToppagesController#index as HTML
  Parameters: {"utf8"=>"✓", "keyword"=>"", "x"=>"19", "y"=>"18"}
  Rendering toppages/index.html.haml within layouts/application
  Rendered toppages/index.html.haml within layouts/application (420.3ms)
Completed 200 OK in 697ms (Views: 681.8ms | ActiveRecord: 0.0ms)


Started GET "/?utf8=%E2%9C%93&keyword=&x=19&y=18" for ::1 at 2020-04-15 18:24:36 +0900
  [1m[35m (36.1ms)[0m  [1m[35mSET NAMES utf8,  @@SESSION.sql_mode = CONCAT(CONCAT(@@sql_mode, ',STRICT_ALL_TABLES'), ',NO_AUTO_VALUE_ON_ZERO'),  @@SESSION.sql_auto_is_null = 0, @@SESSION.wait_timeout = 2147483[0m
  ↳ /Users/user/.rbenv/versions/2.5.1/lib/ruby/gems/2.5.0/gems/activerecord-5.2.4.2/lib/active_record/log_subscriber.rb:98
Processing by ToppagesController#index as HTML
  Parameters: {"utf8"=>"✓", "keyword"=>"", "x"=>"19", "y"=>"18"}
  Rendering toppages/index.html.haml within layouts/application
  Rendered toppages/index.html.haml within layouts/application (186.7ms)
Completed 200 OK in 779ms (Views: 754.5ms | ActiveRecord: 0.0ms)


